<?xml version="1.0" encoding="UTF-8"?>
<testsuite xmlns:xsi="http://www.w3.org/2001/XMLSchema-instance" xsi:noNamespaceSchemaLocation="https://maven.apache.org/surefire/maven-surefire-plugin/xsd/surefire-test-report.xsd" name="ru.netology.domain.ProductManagerTest" time="0.037" tests="4" errors="0" skipped="0" failures="0">
  <properties>
[...]
</properties>
  <testcase name="shouldFindIfExists" classname="ru.netology.domain.ProductManagerTest" time="0.037"/>
  <testcase name="shouldNotFindIfNotExists" classname="ru.netology.domain.ProductManagerTest" time="0"/>
  <testcase name="shouldFindByNameIfExists" classname="ru.netology.domain.ProductManagerTest" time="0"/>
  <testcase name="shouldNotFindIfUnknownProduct" classname="ru.netology.domain.ProductManagerTest" time="0"/>
</testsuite>